2022-07-19 11:15:01,088 - __main__ - INFO - Token value: Token not available!
2022-07-19 11:15:01,760 - __main__ - INFO - Weather in Berlin: 30.32
2022-07-19 10:09:58,525 - __main__ - INFO - Token value: 1234
2022-07-19 10:09:58,949 - __main__ - INFO - Weather in Berlin: 32.56
2022-07-19 12:17:50,405 - __main__ - INFO - Token value: 1234
2022-07-19 12:17:50,875 - __main__ - INFO - Weather in Berlin: 33.66
2022-07-19 14:09:00,868 - __main__ - INFO - Token value: 1234
2022-07-19 14:09:01,435 - __main__ - INFO - Weather in Berlin: 34.86
2022-07-19 16:12:16,906 - __main__ - INFO - Token value: 1234
2022-07-19 16:12:17,306 - __main__ - INFO - Weather in Berlin: 34.28
2022-07-19 18:10:53,682 - __main__ - INFO - Token value: 1234
2022-07-19 18:10:53,844 - __main__ - INFO - Weather in Berlin: 31.9
2022-07-19 20:09:35,027 - __main__ - INFO - Token value: 1234
2022-07-19 20:09:35,139 - __main__ - INFO - Weather in Berlin: 27.52
2022-07-19 22:09:04,334 - __main__ - INFO - Token value: 1234
2022-07-19 22:09:04,912 - __main__ - INFO - Weather in Berlin: 25.4
2022-07-20 00:46:12,649 - __main__ - INFO - Token value: 1234
2022-07-20 00:46:13,296 - __main__ - INFO - Weather in Berlin: 24.18
2022-07-20 03:36:18,748 - __main__ - INFO - Token value: 1234
2022-07-20 03:36:18,916 - __main__ - INFO - Weather in Berlin: 22.12
2022-07-20 04:30:43,477 - __main__ - INFO - Token value: 1234
2022-07-20 04:30:43,776 - __main__ - INFO - Weather in Berlin: 21.64
2022-07-20 06:11:40,340 - __main__ - INFO - Token value: 1234
2022-07-20 06:11:41,194 - __main__ - INFO - Weather in Berlin: 24.95
2022-07-20 08:12:25,109 - __main__ - INFO - Token value: 1234
2022-07-20 08:12:25,397 - __main__ - INFO - Weather in Berlin: 30.85
2022-07-20 10:09:27,874 - __main__ - INFO - Token value: 1234
2022-07-20 10:09:28,041 - __main__ - INFO - Weather in Berlin: 35.42
2022-07-20 12:16:14,801 - __main__ - INFO - Token value: 1234
2022-07-20 12:16:15,447 - __main__ - INFO - Weather in Berlin: 36.64
2022-07-20 14:10:42,143 - __main__ - INFO - Token value: 1234
2022-07-20 14:10:42,285 - __main__ - INFO - Weather in Berlin: 37.34
2022-07-20 16:11:32,101 - __main__ - INFO - Token value: 1234
2022-07-20 16:11:32,270 - __main__ - INFO - Weather in Berlin: 36.32
2022-07-20 18:11:08,871 - __main__ - INFO - Token value: 1234
2022-07-20 18:11:09,450 - __main__ - INFO - Weather in Berlin: 35.75
2022-07-20 20:10:07,208 - __main__ - INFO - Token value: 1234
2022-07-20 20:10:07,807 - __main__ - INFO - Weather in Berlin: 29.16
2022-07-20 22:08:32,880 - __main__ - INFO - Token value: 1234
2022-07-20 22:08:33,309 - __main__ - INFO - Weather in Berlin: 27.72
2022-07-21 00:51:04,670 - __main__ - INFO - Token value: 1234
2022-07-21 00:51:04,945 - __main__ - INFO - Weather in Berlin: 25.62
2022-07-21 03:32:21,183 - __main__ - INFO - Token value: 1234
2022-07-21 03:32:21,622 - __main__ - INFO - Weather in Berlin: 24.17
2022-07-21 04:33:49,059 - __main__ - INFO - Token value: 1234
2022-07-21 04:33:49,712 - __main__ - INFO - Weather in Berlin: 23.8
2022-07-21 06:11:40,676 - __main__ - INFO - Token value: 1234
2022-07-21 06:11:41,078 - __main__ - INFO - Weather in Berlin: 24.1
2022-07-21 08:11:51,774 - __main__ - INFO - Token value: 1234
2022-07-21 08:11:51,925 - __main__ - INFO - Weather in Berlin: 26.61
2022-07-21 10:10:48,231 - __main__ - INFO - Token value: 1234
2022-07-21 10:10:48,658 - __main__ - INFO - Weather in Berlin: 29.39
2022-07-21 12:16:51,452 - __main__ - INFO - Token value: 1234
2022-07-21 12:16:52,210 - __main__ - INFO - Weather in Berlin: 29.02
2022-07-21 14:10:13,059 - __main__ - INFO - Token value: 1234
2022-07-21 14:10:13,760 - __main__ - INFO - Weather in Berlin: 24.62
2022-07-21 16:11:48,481 - __main__ - INFO - Token value: 1234
2022-07-21 16:11:49,254 - __main__ - INFO - Weather in Berlin: 24.51
2022-07-21 18:11:19,590 - __main__ - INFO - Token value: 1234
2022-07-21 18:11:19,965 - __main__ - INFO - Weather in Berlin: 25.79
2022-07-21 20:10:30,244 - __main__ - INFO - Token value: 1234
2022-07-21 20:10:30,328 - __main__ - INFO - Weather in Berlin: 22.77
2022-07-25 00:44:39,700 - __main__ - INFO - Token value: 1234
2022-07-25 00:44:40,082 - __main__ - INFO - Weather in Berlin: 19.9
2022-08-01 00:54:12,206 - __main__ - INFO - Token value: 1234
2022-08-01 00:54:12,694 - __main__ - INFO - Weather in Berlin: 20.23
2022-08-08 00:40:42,506 - __main__ - INFO - Token value: 1234
2022-08-08 00:40:42,610 - __main__ - INFO - Weather in Berlin: 16.92
2022-08-15 00:44:48,218 - __main__ - INFO - Token value: 1234
2022-08-15 00:44:48,828 - __main__ - INFO - Weather in Berlin: 22.05
2022-08-22 00:46:22,483 - __main__ - INFO - Token value: 1234
2022-08-22 00:46:22,604 - __main__ - INFO - Weather in Berlin: 16.54
2022-08-29 00:51:03,885 - __main__ - INFO - Token value: 1234
2022-08-29 00:51:04,463 - __main__ - INFO - Weather in Berlin: 13.61
2022-09-05 00:54:44,539 - __main__ - INFO - Token value: 1234
2022-09-05 00:54:45,065 - __main__ - INFO - Weather in Berlin: 15.8
2022-09-12 00:48:56,255 - __main__ - INFO - Token value: 1234
2022-09-12 00:48:56,362 - __main__ - INFO - Weather in Berlin: 12.68
2022-09-19 00:51:28,986 - __main__ - INFO - Token value: 1234
2022-09-19 00:51:29,073 - __main__ - INFO - Weather in Berlin: 8.79
2022-09-26 00:54:36,285 - __main__ - INFO - Token value: 1234
2022-09-26 00:54:36,670 - __main__ - INFO - Weather in Berlin: 11.75
2022-10-03 00:53:53,511 - __main__ - INFO - Token value: 1234
2022-10-03 00:53:54,115 - __main__ - INFO - Weather in Berlin: 11.07
2022-10-10 00:59:22,592 - __main__ - INFO - Token value: 1234
2022-10-10 00:59:22,684 - __main__ - INFO - Weather in Berlin: 7.73
2022-10-17 01:03:34,041 - __main__ - INFO - Token value: 1234
2022-10-17 01:03:34,808 - __main__ - INFO - Weather in Berlin: 13.02
2022-10-24 01:05:23,964 - __main__ - INFO - Token value: 1234
2022-10-24 01:05:24,197 - __main__ - INFO - Weather in Berlin: 13.27
2022-10-31 00:56:50,347 - __main__ - INFO - Token value: 1234
2022-10-31 00:56:50,781 - __main__ - INFO - Weather in Berlin: 13.45
2022-11-07 00:46:30,914 - __main__ - INFO - Token value: 1234
2022-11-07 00:46:31,482 - __main__ - INFO - Weather in Berlin: 6.9
2022-11-14 00:42:53,014 - __main__ - INFO - Token value: 1234
2022-11-14 00:42:53,136 - __main__ - INFO - Weather in Berlin: 6.58
2022-11-21 00:44:54,383 - __main__ - INFO - Token value: 1234
2022-11-21 00:44:54,891 - __main__ - INFO - Weather in Berlin: -1.89
2022-11-28 00:38:10,868 - __main__ - INFO - Token value: 1234
2022-11-28 00:38:10,962 - __main__ - INFO - Weather in Berlin: 4.03
2022-12-05 00:37:36,747 - __main__ - INFO - Token value: 1234
2022-12-05 00:37:37,346 - __main__ - INFO - Weather in Berlin: 2.48
2022-12-12 00:40:48,194 - __main__ - INFO - Token value: 1234
2022-12-12 00:40:48,347 - __main__ - INFO - Weather in Berlin: -1.51
2022-12-19 00:34:22,668 - __main__ - INFO - Token value: 1234
2022-12-19 00:34:23,349 - __main__ - INFO - Weather in Berlin: -4.73
2022-12-26 00:37:57,455 - __main__ - INFO - Token value: 1234
2022-12-26 00:37:58,555 - __main__ - INFO - Weather in Berlin: 8.58
2023-01-02 00:37:45,571 - __main__ - INFO - Token value: 1234
2023-01-02 00:37:46,198 - __main__ - INFO - Weather in Berlin: 11.86
2023-01-09 00:37:48,669 - __main__ - INFO - Token value: 1234
2023-01-09 00:37:49,006 - __main__ - INFO - Weather in Berlin: 5.01
2023-01-16 00:38:39,973 - __main__ - INFO - Token value: 1234
2023-01-16 00:38:40,358 - __main__ - INFO - Weather in Berlin: 4.9
2023-01-23 00:37:11,897 - __main__ - INFO - Token value: 1234
2023-01-23 00:37:12,431 - __main__ - INFO - Weather in Berlin: 1.65
2023-01-30 00:35:30,776 - __main__ - INFO - Token value: 1234
2023-01-30 00:35:31,351 - __main__ - INFO - Weather in Berlin: 1.63
2023-02-06 00:37:40,919 - __main__ - INFO - Token value: 1234
2023-02-06 00:37:41,397 - __main__ - INFO - Weather in Berlin: -2.01
2023-02-13 00:41:55,645 - __main__ - INFO - Token value: 1234
2023-02-13 00:41:56,334 - __main__ - INFO - Weather in Berlin: 7.16
2023-02-20 00:42:40,136 - __main__ - INFO - Token value: 1234
2023-02-20 00:42:40,714 - __main__ - INFO - Weather in Berlin: 2.39
2023-02-27 00:41:12,914 - __main__ - INFO - Token value: 1234
2023-02-27 00:41:13,506 - __main__ - INFO - Weather in Berlin: -1.34
2023-03-06 00:41:41,381 - __main__ - INFO - Token value: 1234
2023-03-06 00:41:41,518 - __main__ - INFO - Weather in Berlin: 0.94
2023-03-13 00:39:58,538 - __main__ - INFO - Token value: 1234
2023-03-13 00:39:58,984 - __main__ - INFO - Weather in Berlin: 5.94
2023-03-20 00:40:52,346 - __main__ - INFO - Token value: 1234
2023-03-20 00:40:52,864 - __main__ - INFO - Weather in Berlin: 10.36
2023-03-27 00:37:03,135 - __main__ - INFO - Token value: 1234
2023-03-27 00:37:03,579 - __main__ - INFO - Weather in Berlin: 4.49
2023-04-03 00:37:03,535 - __main__ - INFO - Token value: 1234
2023-04-03 00:37:03,887 - __main__ - INFO - Weather in Berlin: 1.06
2023-04-10 00:36:03,126 - __main__ - INFO - Token value: 1234
2023-04-10 00:36:03,601 - __main__ - INFO - Weather in Berlin: 6.65
2023-04-17 00:38:11,628 - __main__ - INFO - Token value: 1234
2023-04-17 00:38:11,958 - __main__ - INFO - Weather in Berlin: 7.47
2023-04-24 00:37:25,968 - __main__ - INFO - Token value: 1234
2023-04-24 00:37:26,548 - __main__ - INFO - Weather in Berlin: 11.24
2023-05-01 00:38:28,593 - __main__ - INFO - Token value: 1234
2023-05-01 00:38:29,237 - __main__ - INFO - Weather in Berlin: 4.74
2023-05-08 00:35:59,553 - __main__ - INFO - Token value: 1234
2023-05-08 00:36:00,012 - __main__ - INFO - Weather in Berlin: 8.12
2023-05-15 00:37:43,779 - __main__ - INFO - Token value: 1234
2023-05-15 00:37:44,323 - __main__ - INFO - Weather in Berlin: 13.01
2023-05-22 00:38:44,183 - __main__ - INFO - Token value: 1234
2023-05-22 00:38:44,825 - __main__ - INFO - Weather in Berlin: 18.93
2023-05-29 00:38:32,685 - __main__ - INFO - Token value: 1234
2023-05-29 00:38:33,317 - __main__ - INFO - Weather in Berlin: 13.49
2023-06-05 00:42:16,214 - __main__ - INFO - Token value: 1234
2023-06-05 00:42:16,354 - __main__ - INFO - Weather in Berlin: 12.54
2023-06-12 00:44:40,761 - __main__ - INFO - Token value: 1234
2023-06-12 00:44:41,287 - __main__ - INFO - Weather in Berlin: 17.95
2023-06-19 00:41:31,896 - __main__ - INFO - Token value: 1234
2023-06-19 00:41:32,077 - __main__ - INFO - Weather in Berlin: 17.46
2023-06-26 00:48:35,778 - __main__ - INFO - Token value: 1234
2023-06-26 00:48:35,965 - __main__ - INFO - Weather in Berlin: 19.96
2023-07-03 00:47:50,515 - __main__ - INFO - Token value: 1234
2023-07-03 00:47:51,503 - __main__ - INFO - Weather in Berlin: 14.82
2023-07-10 00:47:49,548 - __main__ - INFO - Token value: 1234
2023-07-10 00:47:50,169 - __main__ - INFO - Weather in Berlin: 21.4
2023-07-17 00:50:57,487 - __main__ - INFO - Token value: 1234
2023-07-17 00:50:58,057 - __main__ - INFO - Weather in Berlin: 17.68
2023-07-24 00:41:28,744 - __main__ - INFO - Token value: 1234
2023-07-24 00:41:29,341 - __main__ - INFO - Weather in Berlin: 19.18
2023-07-31 00:41:40,366 - __main__ - INFO - Token value: 1234
2023-07-31 00:41:40,950 - __main__ - INFO - Weather in Berlin: 15.06
2023-08-07 00:39:33,017 - __main__ - INFO - Token value: 1234
2023-08-07 00:39:33,591 - __main__ - INFO - Weather in Berlin: 14.24
2023-08-14 00:32:09,980 - __main__ - INFO - Token value: 1234
2023-08-14 00:32:10,569 - __main__ - INFO - Weather in Berlin: 19.18
2023-08-21 00:31:40,538 - __main__ - INFO - Token value: 1234
2023-08-21 00:31:41,217 - __main__ - INFO - Weather in Berlin: 20.29
2023-08-28 00:32:45,300 - __main__ - INFO - Token value: 1234
2023-08-28 00:32:45,759 - __main__ - INFO - Weather in Berlin: 15.49
2023-09-04 00:32:51,578 - __main__ - INFO - Token value: 1234
2023-09-04 00:32:51,721 - __main__ - INFO - Weather in Berlin: 13.88
2023-09-11 00:33:02,029 - __main__ - INFO - Token value: 1234
2023-09-11 00:33:02,311 - __main__ - INFO - Weather in Berlin: 19.79
2023-09-18 00:33:08,034 - __main__ - INFO - Token value: 1234
2023-09-18 00:33:08,622 - __main__ - INFO - Weather in Berlin: 18.77
2023-09-25 00:33:31,589 - __main__ - INFO - Token value: 1234
2023-09-25 00:33:32,204 - __main__ - INFO - Weather in Berlin: 11.97
2023-10-02 00:33:45,247 - __main__ - INFO - Token value: 1234
2023-10-02 00:33:45,432 - __main__ - INFO - Weather in Berlin: 16.15
2023-10-09 00:33:46,073 - __main__ - INFO - Token value: 1234
2023-10-09 00:33:46,678 - __main__ - INFO - Weather in Berlin: 10.35
2023-10-16 00:34:12,581 - __main__ - INFO - Token value: 1234
2023-10-16 00:34:13,068 - __main__ - INFO - Weather in Berlin: 6.05
2023-10-23 00:33:38,346 - __main__ - INFO - Token value: 1234
2023-10-23 00:33:38,481 - __main__ - INFO - Weather in Berlin: 11.05
2023-10-30 00:34:04,551 - __main__ - INFO - Token value: 1234
2023-10-30 00:34:05,043 - __main__ - INFO - Weather in Berlin: 12.19
2023-11-06 00:34:49,810 - __main__ - INFO - Token value: 1234
2023-11-06 00:34:50,132 - __main__ - INFO - Weather in Berlin: 10.48
2023-11-13 00:35:20,583 - __main__ - INFO - Token value: 1234
2023-11-13 00:35:21,202 - __main__ - INFO - Weather in Berlin: 6.07
2023-11-20 00:36:06,535 - __main__ - INFO - Token value: 1234
2023-11-20 00:36:06,644 - __main__ - INFO - Weather in Berlin: 9.7
2023-11-27 00:35:44,273 - __main__ - INFO - Token value: 1234
2023-11-27 00:35:44,752 - __main__ - INFO - Weather in Berlin: -0.91
2023-12-04 00:36:12,963 - __main__ - INFO - Token value: 1234
2023-12-04 00:36:13,413 - __main__ - INFO - Weather in Berlin: -5.01
2023-12-11 00:36:36,877 - __main__ - INFO - Token value: 1234
2023-12-11 00:36:37,345 - __main__ - INFO - Weather in Berlin: 6.43
2023-12-18 00:36:39,535 - __main__ - INFO - Token value: 1234
2023-12-18 00:36:40,637 - __main__ - INFO - Weather in Berlin: 5.87
2023-12-25 00:35:57,463 - __main__ - INFO - Token value: 1234
2023-12-25 00:35:57,814 - __main__ - INFO - Weather in Berlin: 9.67
2024-01-01 00:39:23,702 - __main__ - INFO - Token value: 1234
2024-01-01 00:39:24,163 - __main__ - INFO - Weather in Berlin: 6.02
2024-01-08 00:36:53,575 - __main__ - INFO - Token value: 1234
2024-01-08 00:36:54,117 - __main__ - INFO - Weather in Berlin: -6.67
2024-01-15 00:37:53,460 - __main__ - INFO - Token value: 1234
2024-01-15 00:37:54,171 - __main__ - INFO - Weather in Berlin: 2.04
2024-01-22 00:38:04,182 - __main__ - INFO - Token value: 1234
2024-01-22 00:38:04,935 - __main__ - INFO - Weather in Berlin: 2.86
2024-01-29 00:34:00,850 - __main__ - INFO - Token value: 1234
2024-01-29 00:34:01,071 - __main__ - INFO - Weather in Berlin: 1.69
2024-02-05 00:35:06,109 - __main__ - INFO - Token value: 1234
2024-02-12 00:34:33,688 - __main__ - INFO - Token value: 1234
2024-02-19 00:34:58,887 - __main__ - INFO - Token value: 1234
2024-02-26 00:35:09,233 - __main__ - INFO - Token value: 1234
2024-03-02 05:26:53,256 - __main__ - INFO - Token value: 
2024-03-02 06:49:50,629 - __main__ - INFO - Token value: 
2024-03-03 08:22:48,284 - __main__ - INFO - Token value: 
2024-03-04 01:16:16,018 - __main__ - INFO - Token value: 
2024-03-05 01:15:06,001 - __main__ - INFO - Token value: 
2024-03-06 01:15:47,143 - __main__ - INFO - Token value: 
2024-03-07 01:02:35,253 - __main__ - INFO - Token value: 
2024-03-08 01:15:32,705 - __main__ - INFO - Token value: 
2024-03-09 01:12:29,820 - __main__ - INFO - Token value: 
2024-03-10 01:20:03,039 - __main__ - INFO - Token value: 
2024-03-11 01:16:23,876 - __main__ - INFO - Token value: 
2024-03-12 01:15:05,804 - __main__ - INFO - Token value: 
2024-03-13 01:17:04,008 - __main__ - INFO - Token value: 
2024-03-14 01:15:32,130 - __main__ - INFO - Token value: 
2024-03-15 01:16:19,511 - __main__ - INFO - Token value: 
2024-03-16 01:14:26,748 - __main__ - INFO - Token value: 
2024-03-17 01:20:30,333 - __main__ - INFO - Token value: 
2024-03-18 01:16:53,183 - __main__ - INFO - Token value: 
2024-03-19 01:16:23,041 - __main__ - INFO - Token value: 
2024-03-20 01:15:55,195 - __main__ - INFO - Token value: 
2024-03-21 01:16:55,458 - __main__ - INFO - Token value: 
2024-03-22 01:15:48,577 - __main__ - INFO - Token value: 
2024-03-23 01:14:28,724 - __main__ - INFO - Token value: 
2024-03-24 01:22:49,618 - __main__ - INFO - Token value: 
2024-03-25 01:17:55,611 - __main__ - INFO - Token value: 
2024-03-26 01:15:58,742 - __main__ - INFO - Token value: 
2024-03-27 01:15:50,226 - __main__ - INFO - Token value: 
2024-03-28 01:16:21,853 - __main__ - INFO - Token value: 
2024-03-29 01:16:31,318 - __main__ - INFO - Token value: 
2024-03-30 01:14:03,093 - __main__ - INFO - Token value: 
2024-03-31 01:23:10,795 - __main__ - INFO - Token value: 
2024-04-01 01:23:20,292 - __main__ - INFO - Token value: 
2024-04-02 01:20:40,349 - __main__ - INFO - Token value: 
2024-04-03 01:16:32,573 - __main__ - INFO - Token value: 
2024-04-04 01:17:52,537 - __main__ - INFO - Token value: 
2024-04-05 01:16:57,336 - __main__ - INFO - Token value: 
2024-04-06 01:15:16,081 - __main__ - INFO - Token value: 
2024-04-07 01:23:10,892 - __main__ - INFO - Token value: 
2024-04-08 01:18:36,602 - __main__ - INFO - Token value: 
2024-04-09 01:17:44,714 - __main__ - INFO - Token value: 
2024-04-10 01:16:50,163 - __main__ - INFO - Token value: 
2024-04-11 01:18:19,910 - __main__ - INFO - Token value: 
2024-04-12 01:17:55,531 - __main__ - INFO - Token value: 
2024-04-13 01:04:16,068 - __main__ - INFO - Token value: 
2024-04-14 01:45:01,933 - __main__ - INFO - Token value: 
2024-04-15 03:33:57,044 - __main__ - INFO - Token value: 
2024-04-16 01:17:20,940 - __main__ - INFO - Token value: 
2024-04-17 01:17:50,722 - __main__ - INFO - Token value: 
2024-04-18 01:17:27,783 - __main__ - INFO - Token value: 
2024-04-19 01:18:37,171 - __main__ - INFO - Token value: 
2024-04-20 01:17:44,559 - __main__ - INFO - Token value: 
2024-04-21 01:23:42,530 - __main__ - INFO - Token value: 
2024-04-22 01:20:45,676 - __main__ - INFO - Token value: 
2024-04-23 01:19:13,286 - __main__ - INFO - Token value: 
2024-04-24 01:20:43,918 - __main__ - INFO - Token value: 
2024-04-25 01:20:34,085 - __main__ - INFO - Token value: 
2024-04-26 01:19:13,007 - __main__ - INFO - Token value: 
2024-04-27 01:17:47,358 - __main__ - INFO - Token value: 
2024-04-28 01:24:25,863 - __main__ - INFO - Token value: 
2024-04-29 01:20:35,668 - __main__ - INFO - Token value: 
2024-04-30 01:19:00,249 - __main__ - INFO - Token value: 
2024-05-01 01:24:45,090 - __main__ - INFO - Token value: 
2024-05-02 01:19:00,565 - __main__ - INFO - Token value: 
2024-05-03 01:21:57,868 - __main__ - INFO - Token value: 
2024-05-04 01:18:47,275 - __main__ - INFO - Token value: 
2024-05-05 01:24:43,070 - __main__ - INFO - Token value: 
2024-05-06 01:21:14,547 - __main__ - INFO - Token value: 
2024-05-07 01:20:46,851 - __main__ - INFO - Token value: 
2024-05-08 01:06:48,892 - __main__ - INFO - Token value: 
2024-05-09 01:20:28,702 - __main__ - INFO - Token value: 
2024-05-10 01:21:18,679 - __main__ - INFO - Token value: 
2024-05-11 01:20:12,799 - __main__ - INFO - Token value: 
2024-05-12 01:32:35,045 - __main__ - INFO - Token value: 
2024-05-13 01:23:04,526 - __main__ - INFO - Token value: 
2024-05-14 01:21:18,235 - __main__ - INFO - Token value: 
2024-05-15 01:22:13,397 - __main__ - INFO - Token value: 
2024-05-16 01:21:47,658 - __main__ - INFO - Token value: 
2024-05-17 01:22:03,044 - __main__ - INFO - Token value: 
2024-05-18 01:21:10,878 - __main__ - INFO - Token value: 
2024-05-19 01:32:46,094 - __main__ - INFO - Token value: 
2024-05-20 01:22:31,344 - __main__ - INFO - Token value: 
2024-05-21 01:21:50,031 - __main__ - INFO - Token value: 
2024-05-22 01:22:32,293 - __main__ - INFO - Token value: 
2024-05-23 01:21:48,100 - __main__ - INFO - Token value: 
2024-05-24 01:22:23,085 - __main__ - INFO - Token value: 
2024-05-25 01:20:58,543 - __main__ - INFO - Token value: 
2024-05-26 01:33:53,008 - __main__ - INFO - Token value: 
2024-05-27 01:24:11,884 - __main__ - INFO - Token value: 
2024-05-28 01:22:53,250 - __main__ - INFO - Token value: 
2024-05-29 01:26:44,760 - __main__ - INFO - Token value: 
2024-05-30 01:23:14,284 - __main__ - INFO - Token value: 
2024-05-31 01:23:56,968 - __main__ - INFO - Token value: 
2024-06-01 01:34:12,215 - __main__ - INFO - Token value: 
2024-06-02 01:34:16,607 - __main__ - INFO - Token value: 
2024-06-03 01:25:19,014 - __main__ - INFO - Token value: 
2024-06-04 01:24:29,833 - __main__ - INFO - Token value: 
2024-06-05 01:23:59,503 - __main__ - INFO - Token value: 
2024-06-06 01:23:55,368 - __main__ - INFO - Token value: 
2024-06-07 01:26:23,785 - __main__ - INFO - Token value: 
2024-06-08 01:24:05,495 - __main__ - INFO - Token value: 
2024-06-09 01:37:29,746 - __main__ - INFO - Token value: 
2024-06-10 01:33:25,050 - __main__ - INFO - Token value: 
2024-06-11 01:25:42,473 - __main__ - INFO - Token value: 
2024-06-12 01:25:36,283 - __main__ - INFO - Token value: 
2024-06-13 01:24:57,531 - __main__ - INFO - Token value: 
2024-06-14 01:25:05,937 - __main__ - INFO - Token value: 
2024-06-15 01:25:02,016 - __main__ - INFO - Token value: 
2024-06-16 01:37:27,076 - __main__ - INFO - Token value: 
2024-06-17 01:34:41,363 - __main__ - INFO - Token value: 
2024-06-18 01:25:54,793 - __main__ - INFO - Token value: 
2024-06-19 01:26:10,489 - __main__ - INFO - Token value: 
2024-06-20 01:23:57,143 - __main__ - INFO - Token value: 
2024-06-21 01:24:28,094 - __main__ - INFO - Token value: 
2024-06-22 01:23:56,641 - __main__ - INFO - Token value: 
2024-06-23 01:36:15,300 - __main__ - INFO - Token value: 
2024-06-24 01:33:20,345 - __main__ - INFO - Token value: 
2024-06-25 01:25:32,141 - __main__ - INFO - Token value: 
2024-06-26 01:25:19,980 - __main__ - INFO - Token value: 
2024-06-27 01:25:49,144 - __main__ - INFO - Token value: 
2024-06-28 01:25:53,150 - __main__ - INFO - Token value: 
2024-06-29 01:24:25,645 - __main__ - INFO - Token value: 
2024-06-30 01:38:34,886 - __main__ - INFO - Token value: 
2024-07-01 01:41:26,637 - __main__ - INFO - Token value: 
2024-07-02 01:26:44,177 - __main__ - INFO - Token value: 
2024-07-03 01:26:04,427 - __main__ - INFO - Token value: 
2024-07-04 01:26:18,790 - __main__ - INFO - Token value: 
2024-07-05 01:26:08,031 - __main__ - INFO - Token value: 
2024-07-06 01:24:28,417 - __main__ - INFO - Token value: 
2024-07-07 01:39:35,311 - __main__ - INFO - Token value: 
2024-07-08 01:35:19,169 - __main__ - INFO - Token value: 
2024-07-09 01:25:54,063 - __main__ - INFO - Token value: 
2024-07-10 01:09:27,621 - __main__ - INFO - Token value: 
2024-07-11 01:09:32,039 - __main__ - INFO - Token value: 
2024-07-12 01:08:16,399 - __main__ - INFO - Token value: 
2024-07-13 01:09:25,988 - __main__ - INFO - Token value: 
2024-07-14 01:14:46,332 - __main__ - INFO - Token value: 
2024-07-15 01:11:20,167 - __main__ - INFO - Token value: 
2024-07-16 01:10:39,637 - __main__ - INFO - Token value: 
2024-07-17 01:09:42,137 - __main__ - INFO - Token value: 
2024-07-18 01:08:25,942 - __main__ - INFO - Token value: 
2024-07-19 01:09:24,047 - __main__ - INFO - Token value: 
2024-07-20 01:08:00,287 - __main__ - INFO - Token value: 
2024-07-21 01:14:40,809 - __main__ - INFO - Token value: 
2024-07-22 01:11:52,063 - __main__ - INFO - Token value: 
2024-07-23 01:09:54,455 - __main__ - INFO - Token value: 
2024-07-24 01:10:24,348 - __main__ - INFO - Token value: 
2024-07-25 01:09:41,643 - __main__ - INFO - Token value: 
2024-07-26 01:09:01,548 - __main__ - INFO - Token value: 
2024-07-27 01:08:35,513 - __main__ - INFO - Token value: 
2024-07-28 01:14:59,625 - __main__ - INFO - Token value: 
2024-07-29 01:11:42,412 - __main__ - INFO - Token value: 
2024-07-30 01:09:54,818 - __main__ - INFO - Token value: 
2024-07-31 00:58:17,548 - __main__ - INFO - Token value: 
2024-08-01 01:15:50,271 - __main__ - INFO - Token value: 
2024-08-02 01:09:46,097 - __main__ - INFO - Token value: 
2024-08-03 01:09:00,746 - __main__ - INFO - Token value: 
2024-08-04 01:15:15,908 - __main__ - INFO - Token value: 
2024-08-05 01:12:00,216 - __main__ - INFO - Token value: 
2024-08-06 01:10:12,185 - __main__ - INFO - Token value: 
2024-08-07 01:11:12,922 - __main__ - INFO - Token value: 
2024-08-08 01:10:48,466 - __main__ - INFO - Token value: 
2024-08-09 01:11:37,464 - __main__ - INFO - Token value: 
2024-08-10 01:11:21,587 - __main__ - INFO - Token value: 
2024-08-11 01:16:26,209 - __main__ - INFO - Token value: 
2024-08-12 01:12:53,672 - __main__ - INFO - Token value: 
2024-08-13 01:12:22,977 - __main__ - INFO - Token value: 
2024-08-14 01:11:31,155 - __main__ - INFO - Token value: 
2024-08-15 01:07:50,464 - __main__ - INFO - Token value: 
2024-08-16 01:10:38,528 - __main__ - INFO - Token value: 
2024-08-17 01:08:38,361 - __main__ - INFO - Token value: 
2024-08-18 01:15:11,799 - __main__ - INFO - Token value: 
2024-08-19 01:12:17,790 - __main__ - INFO - Token value: 
2024-08-20 01:10:38,736 - __main__ - INFO - Token value: 
2024-08-21 01:10:35,259 - __main__ - INFO - Token value: 
2024-08-22 01:12:14,254 - __main__ - INFO - Token value: 
2024-08-23 01:11:22,553 - __main__ - INFO - Token value: 
2024-08-24 01:09:57,197 - __main__ - INFO - Token value: 
2024-08-25 01:17:00,938 - __main__ - INFO - Token value: 
2024-08-26 01:12:12,277 - __main__ - INFO - Token value: 
2024-08-27 01:12:48,782 - __main__ - INFO - Token value: 
2024-08-28 01:13:06,675 - __main__ - INFO - Token value: 
2024-08-29 01:13:42,709 - __main__ - INFO - Token value: 
2024-08-30 01:13:56,969 - __main__ - INFO - Token value: 
2024-08-31 01:13:34,240 - __main__ - INFO - Token value: 
2024-09-01 01:25:22,403 - __main__ - INFO - Token value: 
2024-09-02 01:15:33,595 - __main__ - INFO - Token value: 
2024-09-03 01:13:25,896 - __main__ - INFO - Token value: 
2024-09-04 01:14:35,833 - __main__ - INFO - Token value: 
2024-09-05 01:14:40,020 - __main__ - INFO - Token value: 
2024-09-06 01:14:30,504 - __main__ - INFO - Token value: 
2024-09-07 01:13:11,066 - __main__ - INFO - Token value: 
2024-09-08 01:20:14,716 - __main__ - INFO - Token value: 
2024-09-09 01:16:49,166 - __main__ - INFO - Token value: 
2024-09-10 01:15:28,827 - __main__ - INFO - Token value: 
2024-09-11 01:14:39,494 - __main__ - INFO - Token value: 
2024-09-12 01:14:59,087 - __main__ - INFO - Token value: 
2024-09-13 01:15:23,234 - __main__ - INFO - Token value: 
2024-09-14 01:14:08,969 - __main__ - INFO - Token value: 
2024-09-15 01:22:54,832 - __main__ - INFO - Token value: 
2024-09-16 01:19:43,314 - __main__ - INFO - Token value: 
2024-09-17 01:03:08,577 - __main__ - INFO - Token value: 
2024-09-18 01:15:17,793 - __main__ - INFO - Token value: 
2024-09-19 01:16:37,157 - __main__ - INFO - Token value: 
2024-09-20 01:16:24,895 - __main__ - INFO - Token value: 
2024-09-21 01:15:06,120 - __main__ - INFO - Token value: 
2024-09-22 01:23:22,350 - __main__ - INFO - Token value: 
2024-09-23 01:18:25,926 - __main__ - INFO - Token value: 
2024-09-24 01:18:45,742 - __main__ - INFO - Token value: 
2024-09-25 01:19:35,885 - __main__ - INFO - Token value: 
2024-09-26 01:18:02,169 - __main__ - INFO - Token value: 
2024-09-27 01:18:45,841 - __main__ - INFO - Token value: 
2024-09-28 01:17:56,532 - __main__ - INFO - Token value: 
2024-09-29 01:24:32,313 - __main__ - INFO - Token value: 
2024-09-30 01:20:56,504 - __main__ - INFO - Token value: 
2024-10-01 01:25:41,926 - __main__ - INFO - Token value: 
2024-10-02 01:18:37,939 - __main__ - INFO - Token value: 
2024-10-03 01:18:46,392 - __main__ - INFO - Token value: 
2024-10-04 01:18:39,385 - __main__ - INFO - Token value: 
2024-10-05 01:17:37,485 - __main__ - INFO - Token value: 
2024-10-06 01:24:03,113 - __main__ - INFO - Token value: 
2024-10-07 01:20:52,799 - __main__ - INFO - Token value: 
2024-10-08 01:18:38,374 - __main__ - INFO - Token value: 
2024-10-09 01:18:16,183 - __main__ - INFO - Token value: 
2024-10-10 01:18:03,702 - __main__ - INFO - Token value: 
2024-10-11 01:18:16,505 - __main__ - INFO - Token value: 
2024-10-12 01:16:35,111 - __main__ - INFO - Token value: 
2024-10-13 01:23:45,242 - __main__ - INFO - Token value: 
2024-10-14 01:20:41,571 - __main__ - INFO - Token value: 
2024-10-15 01:19:32,899 - __main__ - INFO - Token value: 
2024-10-16 01:19:43,056 - __main__ - INFO - Token value: 
2024-10-17 01:18:52,696 - __main__ - INFO - Token value: 
2024-10-18 01:19:02,264 - __main__ - INFO - Token value: 
2024-10-19 01:17:50,666 - __main__ - INFO - Token value: 
2024-10-20 01:25:07,650 - __main__ - INFO - Token value: 
2024-10-21 01:20:48,111 - __main__ - INFO - Token value: 
2024-10-22 01:19:45,043 - __main__ - INFO - Token value: 
2024-10-23 01:18:40,451 - __main__ - INFO - Token value: 
2024-10-24 01:18:44,741 - __main__ - INFO - Token value: 
2024-10-25 01:19:32,331 - __main__ - INFO - Token value: 
2024-10-26 01:17:09,690 - __main__ - INFO - Token value: 
2024-10-27 01:24:37,202 - __main__ - INFO - Token value: 
2024-10-28 01:22:12,452 - __main__ - INFO - Token value: 
2024-10-29 01:20:44,868 - __main__ - INFO - Token value: 
2024-10-30 01:19:44,393 - __main__ - INFO - Token value: 
2024-10-31 01:20:22,971 - __main__ - INFO - Token value: 
2024-11-01 01:25:08,826 - __main__ - INFO - Token value: 
2024-11-02 01:17:54,945 - __main__ - INFO - Token value: 
2024-11-03 01:24:26,345 - __main__ - INFO - Token value: 
2024-11-04 01:20:51,999 - __main__ - INFO - Token value: 
2024-11-05 01:17:33,960 - __main__ - INFO - Token value: 
2024-11-06 01:17:22,771 - __main__ - INFO - Token value: 
2024-11-07 01:17:48,769 - __main__ - INFO - Token value: 
2024-11-08 01:17:50,521 - __main__ - INFO - Token value: 
2024-11-09 01:15:45,396 - __main__ - INFO - Token value: 
2024-11-10 01:22:24,533 - __main__ - INFO - Token value: 
2024-11-11 01:19:22,727 - __main__ - INFO - Token value: 
2024-11-12 01:17:05,473 - __main__ - INFO - Token value: 
2024-11-13 01:18:22,988 - __main__ - INFO - Token value: 
2024-11-14 01:18:36,089 - __main__ - INFO - Token value: 
2024-11-15 01:23:19,052 - __main__ - INFO - Token value: 
2024-11-16 01:21:23,389 - __main__ - INFO - Token value: 
2024-11-17 01:27:12,070 - __main__ - INFO - Token value: 
2024-11-18 01:24:42,893 - __main__ - INFO - Token value: 
2024-11-19 01:23:14,887 - __main__ - INFO - Token value: 
2024-11-20 01:22:20,098 - __main__ - INFO - Token value: 
2024-11-21 01:22:13,719 - __main__ - INFO - Token value: 
2024-11-22 01:23:28,041 - __main__ - INFO - Token value: 
2024-11-23 01:20:09,454 - __main__ - INFO - Token value: 
2024-11-24 01:27:47,250 - __main__ - INFO - Token value: 
2024-11-25 01:24:21,986 - __main__ - INFO - Token value: 
2024-11-26 01:23:41,152 - __main__ - INFO - Token value: 
2024-11-27 01:25:02,743 - __main__ - INFO - Token value: 
2024-11-28 01:24:27,670 - __main__ - INFO - Token value: 
2024-11-29 01:24:30,888 - __main__ - INFO - Token value: 
2024-11-30 01:22:30,057 - __main__ - INFO - Token value: 
2024-12-01 01:44:53,429 - __main__ - INFO - Token value: 
2024-12-02 01:27:12,606 - __main__ - INFO - Token value: 
2024-12-03 01:25:59,519 - __main__ - INFO - Token value: 
2024-12-04 01:26:20,642 - __main__ - INFO - Token value: 
2024-12-05 01:26:19,232 - __main__ - INFO - Token value: 
2024-12-06 01:25:15,797 - __main__ - INFO - Token value: 
2024-12-07 01:24:46,220 - __main__ - INFO - Token value: 
2024-12-08 01:39:19,511 - __main__ - INFO - Token value: 
2024-12-09 01:36:34,899 - __main__ - INFO - Token value: 
2024-12-10 01:27:24,765 - __main__ - INFO - Token value: 
2024-12-11 01:26:08,775 - __main__ - INFO - Token value: 
2024-12-12 01:25:51,485 - __main__ - INFO - Token value: 
2024-12-13 01:27:00,369 - __main__ - INFO - Token value: 
2024-12-14 01:23:25,833 - __main__ - INFO - Token value: 
2024-12-15 01:39:14,682 - __main__ - INFO - Token value: 
2024-12-16 01:36:44,012 - __main__ - INFO - Token value: 
2024-12-17 01:25:48,011 - __main__ - INFO - Token value: 
2024-12-18 01:22:39,354 - __main__ - INFO - Token value: 
2024-12-19 01:23:34,027 - __main__ - INFO - Token value: 
2024-12-20 01:19:37,494 - __main__ - INFO - Token value: 
2024-12-21 01:18:00,688 - __main__ - INFO - Token value: 
2024-12-22 01:25:11,325 - __main__ - INFO - Token value: 
2024-12-23 01:20:36,071 - __main__ - INFO - Token value: 
2024-12-24 01:19:11,154 - __main__ - INFO - Token value: 
2024-12-25 01:18:15,306 - __main__ - INFO - Token value: 
2024-12-26 01:18:31,088 - __main__ - INFO - Token value: 
2024-12-27 01:18:53,856 - __main__ - INFO - Token value: 
2024-12-28 01:17:28,139 - __main__ - INFO - Token value: 
2024-12-29 01:25:55,530 - __main__ - INFO - Token value: 
2024-12-30 01:21:15,477 - __main__ - INFO - Token value: 
2024-12-31 01:18:43,115 - __main__ - INFO - Token value: 
2025-01-01 01:25:16,833 - __main__ - INFO - Token value: 
2025-01-02 01:18:31,498 - __main__ - INFO - Token value: 
2025-01-03 01:19:16,928 - __main__ - INFO - Token value: 
2025-01-04 01:17:40,650 - __main__ - INFO - Token value: 
2025-01-05 01:25:17,053 - __main__ - INFO - Token value: 
2025-01-06 01:22:31,695 - __main__ - INFO - Token value: 
2025-01-07 01:19:39,656 - __main__ - INFO - Token value: 
2025-01-08 01:19:36,112 - __main__ - INFO - Token value: 
2025-01-09 01:18:57,910 - __main__ - INFO - Token value: 
2025-01-10 01:21:18,019 - __main__ - INFO - Token value: 
2025-01-11 01:19:44,717 - __main__ - INFO - Token value: 
2025-01-12 01:26:25,705 - __main__ - INFO - Token value: 
2025-01-13 01:23:39,364 - __main__ - INFO - Token value: 
2025-01-14 01:15:55,657 - __main__ - INFO - Token value: 
2025-01-15 01:17:45,826 - __main__ - INFO - Token value: 
2025-01-16 01:17:02,889 - __main__ - INFO - Token value: 
2025-01-17 01:16:40,723 - __main__ - INFO - Token value: 
2025-01-18 01:14:50,688 - __main__ - INFO - Token value: 
2025-01-19 01:22:33,504 - __main__ - INFO - Token value: 
2025-01-20 01:18:19,483 - __main__ - INFO - Token value: 
2025-01-21 01:16:46,320 - __main__ - INFO - Token value: 
2025-01-22 01:18:52,730 - __main__ - INFO - Token value: 
2025-01-23 01:17:19,206 - __main__ - INFO - Token value: 
2025-01-24 01:17:29,814 - __main__ - INFO - Token value: 
2025-01-25 01:13:47,853 - __main__ - INFO - Token value: 
2025-01-26 01:19:35,514 - __main__ - INFO - Token value: 
2025-01-27 01:18:37,578 - __main__ - INFO - Token value: 
2025-01-28 01:17:01,362 - __main__ - INFO - Token value: 
2025-01-29 01:17:03,508 - __main__ - INFO - Token value: 
2025-01-30 01:16:11,682 - __main__ - INFO - Token value: 
2025-01-31 01:17:24,428 - __main__ - INFO - Token value: 
2025-02-01 01:21:32,577 - __main__ - INFO - Token value: 
2025-02-02 01:21:10,479 - __main__ - INFO - Token value: 
2025-02-03 01:18:24,112 - __main__ - INFO - Token value: 
2025-02-04 01:17:28,925 - __main__ - INFO - Token value: 
2025-02-05 01:18:39,146 - __main__ - INFO - Token value: 
2025-02-06 01:18:45,235 - __main__ - INFO - Token value: 
2025-02-07 01:18:45,458 - __main__ - INFO - Token value: 
2025-02-08 01:16:26,870 - __main__ - INFO - Token value: 
2025-02-09 01:22:29,235 - __main__ - INFO - Token value: 
2025-02-10 01:19:41,605 - __main__ - INFO - Token value: 
2025-02-11 01:18:15,875 - __main__ - INFO - Token value: 
2025-02-12 01:18:31,608 - __main__ - INFO - Token value: 
2025-02-13 01:18:59,010 - __main__ - INFO - Token value: 
2025-02-14 01:18:50,982 - __main__ - INFO - Token value: 
2025-02-15 01:17:52,333 - __main__ - INFO - Token value: 
2025-02-16 01:24:54,525 - __main__ - INFO - Token value: 
2025-02-17 01:21:31,294 - __main__ - INFO - Token value: 
2025-02-18 01:18:44,819 - __main__ - INFO - Token value: 
2025-02-19 01:19:19,115 - __main__ - INFO - Token value: 
2025-02-20 01:19:31,081 - __main__ - INFO - Token value: 
2025-02-21 01:19:43,763 - __main__ - INFO - Token value: 
2025-02-22 01:17:30,051 - __main__ - INFO - Token value: 
2025-02-23 01:24:46,036 - __main__ - INFO - Token value: 
2025-02-24 01:21:42,813 - __main__ - INFO - Token value: 
2025-02-25 01:21:11,539 - __main__ - INFO - Token value: 
2025-02-26 01:20:42,756 - __main__ - INFO - Token value: 
2025-02-27 01:21:08,823 - __main__ - INFO - Token value: 
2025-02-28 01:21:14,035 - __main__ - INFO - Token value: 
2025-03-01 01:26:15,860 - __main__ - INFO - Token value: 
2025-03-02 01:25:46,348 - __main__ - INFO - Token value: 
2025-03-03 01:23:35,068 - __main__ - INFO - Token value: 
2025-03-04 01:22:10,895 - __main__ - INFO - Token value: 
2025-03-05 01:22:13,303 - __main__ - INFO - Token value: 
2025-03-06 01:22:46,277 - __main__ - INFO - Token value: 
2025-03-07 01:23:01,316 - __main__ - INFO - Token value: 
2025-03-08 01:06:35,129 - __main__ - INFO - Token value: 
2025-03-09 01:12:04,548 - __main__ - INFO - Token value: 
2025-03-10 01:09:58,849 - __main__ - INFO - Token value: 
2025-03-11 01:23:00,833 - __main__ - INFO - Token value: 
2025-03-12 01:22:05,503 - __main__ - INFO - Token value: 
2025-03-13 01:23:34,781 - __main__ - INFO - Token value: 
